<?xml version="1.0" encoding="UTF-8"?>
<!-- Generated by org.testng.reporters.JUnitXMLReporter -->
<testsuite ignored="8" hostname="Admins-MacBook-Pro-2.local" failures="5" tests="19" name="Login Tests" time="162.162" errors="0" timestamp="2026-06-05T01:08:43 EEST">
  <testcase classname="com.test.RainbowProject.TestCreateBubble" name="@BeforeMethod goToMainPage" time="1.549">
    <failure type="org.openqa.selenium.ElementClickInterceptedException" message="element click intercepted: Element &amp;lt;rb-button id=&amp;quot;rooms-header-create-bubble-button&amp;quot; customclass=&amp;quot;c-button--responsive&amp;quot; responsiveicon=&amp;quot;add&amp;quot; type=&amp;quot;primary&amp;quot; rbtooltip=&amp;quot;createWorkgroup&amp;quot; tooltipposition=&amp;quot;bottom&amp;quot;&amp;gt;...&amp;lt;/rb-button&amp;gt; is not clickable at point (1696, 23). Other element would receive the click: &amp;lt;div _ngcontent-ng-c4290628622=&amp;quot;&amp;quot; class=&amp;quot;ngx-spinner-overlay fade-out&amp;quot; style=&amp;quot;background-color: rgba(0, 0, 0, 0.59); z-index: 99999; position: absolute;&amp;quot;&amp;gt;...&amp;lt;/div&amp;gt;
  (Session info: chrome=149.0.7827.53)
Build info: version: &amp;apos;4.23.0&amp;apos;, revision: &amp;apos;4df0a231af&amp;apos;
System info: os.name: &amp;apos;Mac OS X&amp;apos;, os.arch: &amp;apos;x86_64&amp;apos;, os.version: &amp;apos;26.3.1&amp;apos;, java.version: &amp;apos;21.0.8&amp;apos;
Driver info: org.openqa.selenium.chrome.ChromeDriver
Command: [d3e8811bfd4aa79133f8925d4203efdb, clickElement {id=f.ADD8A08C9E96C67BFF87A54ACA92F9B1.d.48BD3C2072EC75E7E9812AFD7F170030.e.147}]
Capabilities {acceptInsecureCerts: false, browserName: chrome, browserVersion: 149.0.7827.53, chrome: {chromedriverVersion: 149.0.7827.54 (42ce21f112d0..., userDataDir: /var/folders/sl/15v965y142g...}, fedcm:accounts: true, goog:chromeOptions: {debuggerAddress: localhost:55219}, goog:processID: 19525, networkConnectionEnabled: false, pageLoadStrategy: normal, platformName: mac, proxy: Proxy(), se:cdp: ws://localhost:55219/devtoo..., se:cdpVersion: 149.0.7827.53, setWindowRect: true, strictFileInteractability: false, timeouts: {implicit: 0, pageLoad: 300000, script: 30000}, unhandledPromptBehavior: dismiss and notify, webauthn:extension:credBlob: true, webauthn:extension:largeBlob: true, webauthn:extension:minPinLength: true, webauthn:extension:prf: true, webauthn:virtualAuthenticators: true}
Element: [[ChromeDriver: chrome on mac (d3e8811bfd4aa79133f8925d4203efdb)] -&amp;gt; id: rooms-header-create-bubble-button]
Session ID: d3e8811bfd4aa79133f8925d4203efdb">
      <![CDATA[org.openqa.selenium.ElementClickInterceptedException: element click intercepted: Element <rb-button id="rooms-header-create-bubble-button" customclass="c-button--responsive" responsiveicon="add" type="primary" rbtooltip="createWorkgroup" tooltipposition="bottom">...</rb-button> is not clickable at point (1696, 23). Other element would receive the click: <div _ngcontent-ng-c4290628622="" class="ngx-spinner-overlay fade-out" style="background-color: rgba(0, 0, 0, 0.59); z-index: 99999; position: absolute;">...</div>
  (Session info: chrome=149.0.7827.53)
Build info: version: '4.23.0', revision: '4df0a231af'
System info: os.name: 'Mac OS X', os.arch: 'x86_64', os.version: '26.3.1', java.version: '21.0.8'
Driver info: org.openqa.selenium.chrome.ChromeDriver
Command: [d3e8811bfd4aa79133f8925d4203efdb, clickElement {id=f.ADD8A08C9E96C67BFF87A54ACA92F9B1.d.48BD3C2072EC75E7E9812AFD7F170030.e.147}]
Capabilities {acceptInsecureCerts: false, browserName: chrome, browserVersion: 149.0.7827.53, chrome: {chromedriverVersion: 149.0.7827.54 (42ce21f112d0..., userDataDir: /var/folders/sl/15v965y142g...}, fedcm:accounts: true, goog:chromeOptions: {debuggerAddress: localhost:55219}, goog:processID: 19525, networkConnectionEnabled: false, pageLoadStrategy: normal, platformName: mac, proxy: Proxy(), se:cdp: ws://localhost:55219/devtoo..., se:cdpVersion: 149.0.7827.53, setWindowRect: true, strictFileInteractability: false, timeouts: {implicit: 0, pageLoad: 300000, script: 30000}, unhandledPromptBehavior: dismiss and notify, webauthn:extension:credBlob: true, webauthn:extension:largeBlob: true, webauthn:extension:minPinLength: true, webauthn:extension:prf: true, webauthn:virtualAuthenticators: true}
Element: [[ChromeDriver: chrome on mac (d3e8811bfd4aa79133f8925d4203efdb)] -> id: rooms-header-create-bubble-button]
Session ID: d3e8811bfd4aa79133f8925d4203efdb
at org.openqa.selenium.remote.ErrorCodec.decode(ErrorCodec.java:167)
at org.openqa.selenium.remote.codec.w3c.W3CHttpResponseCodec.decode(W3CHttpResponseCodec.java:138)
at org.openqa.selenium.remote.codec.w3c.W3CHttpResponseCodec.decode(W3CHttpResponseCodec.java:50)
at org.openqa.selenium.remote.HttpCommandExecutor.execute(HttpCommandExecutor.java:190)
at org.openqa.selenium.remote.service.DriverCommandExecutor.invokeExecute(DriverCommandExecutor.java:216)
at org.openqa.selenium.remote.service.DriverCommandExecutor.execute(DriverCommandExecutor.java:174)
at org.openqa.selenium.remote.RemoteWebDriver.execute(RemoteWebDriver.java:527)
at org.openqa.selenium.remote.RemoteWebElement.execute(RemoteWebElement.java:223)
at org.openqa.selenium.remote.RemoteWebElement.click(RemoteWebElement.java:76)
at com.test.RainbowProject.BasePage.clickButton(BasePage.java:89)
at com.test.RainbowProject.CreateBubblePage.clickOnCreateBubbleButton(CreateBubblePage.java:8)
at com.test.RainbowProject.TestCreateBubble.goToMainPage(TestCreateBubble.java:29)
at java.base/java.util.ArrayList.forEach(ArrayList.java:1596)
... Removed 32 stack frames]]>
    </failure>
  </testcase> <!-- @BeforeMethod goToMainPage -->
  <testcase classname="com.test.RainbowProject.TestCreateBubble" name="@AfterClass tearDown" time="0.0">
    <skipped/>
  </testcase> <!-- @AfterClass tearDown -->
  <testcase classname="com.test.RainbowProject.TestRemoveMembers" name="@BeforeClass openBrowser" time="5.612">
    <failure type="org.openqa.selenium.NoSuchSessionException" message="invalid session id: session deleted as the browser has closed the connection
from disconnected: Unable to receive message from renderer
  (Session info: chrome=149.0.7827.53)
Build info: version: &amp;apos;4.23.0&amp;apos;, revision: &amp;apos;4df0a231af&amp;apos;
System info: os.name: &amp;apos;Mac OS X&amp;apos;, os.arch: &amp;apos;x86_64&amp;apos;, os.version: &amp;apos;26.3.1&amp;apos;, java.version: &amp;apos;21.0.8&amp;apos;
Driver info: org.openqa.selenium.chrome.ChromeDriver
Command: [f9cd36f5f3fb6c2d10f3175a6c1c5cbe, findElement {using=id, value=username}]
Capabilities {acceptInsecureCerts: false, browserName: chrome, browserVersion: 149.0.7827.53, chrome: {chromedriverVersion: 149.0.7827.54 (42ce21f112d0..., userDataDir: /var/folders/sl/15v965y142g...}, fedcm:accounts: true, goog:chromeOptions: {debuggerAddress: localhost:55627}, goog:processID: 19705, networkConnectionEnabled: false, pageLoadStrategy: normal, platformName: mac, proxy: Proxy(), se:cdp: ws://localhost:55627/devtoo..., se:cdpVersion: 149.0.7827.53, setWindowRect: true, strictFileInteractability: false, timeouts: {implicit: 0, pageLoad: 300000, script: 30000}, unhandledPromptBehavior: dismiss and notify, webauthn:extension:credBlob: true, webauthn:extension:largeBlob: true, webauthn:extension:minPinLength: true, webauthn:extension:prf: true, webauthn:virtualAuthenticators: true}
Session ID: f9cd36f5f3fb6c2d10f3175a6c1c5cbe">
      <![CDATA[org.openqa.selenium.NoSuchSessionException: invalid session id: session deleted as the browser has closed the connection
from disconnected: Unable to receive message from renderer
  (Session info: chrome=149.0.7827.53)
Build info: version: '4.23.0', revision: '4df0a231af'
System info: os.name: 'Mac OS X', os.arch: 'x86_64', os.version: '26.3.1', java.version: '21.0.8'
Driver info: org.openqa.selenium.chrome.ChromeDriver
Command: [f9cd36f5f3fb6c2d10f3175a6c1c5cbe, findElement {using=id, value=username}]
Capabilities {acceptInsecureCerts: false, browserName: chrome, browserVersion: 149.0.7827.53, chrome: {chromedriverVersion: 149.0.7827.54 (42ce21f112d0..., userDataDir: /var/folders/sl/15v965y142g...}, fedcm:accounts: true, goog:chromeOptions: {debuggerAddress: localhost:55627}, goog:processID: 19705, networkConnectionEnabled: false, pageLoadStrategy: normal, platformName: mac, proxy: Proxy(), se:cdp: ws://localhost:55627/devtoo..., se:cdpVersion: 149.0.7827.53, setWindowRect: true, strictFileInteractability: false, timeouts: {implicit: 0, pageLoad: 300000, script: 30000}, unhandledPromptBehavior: dismiss and notify, webauthn:extension:credBlob: true, webauthn:extension:largeBlob: true, webauthn:extension:minPinLength: true, webauthn:extension:prf: true, webauthn:virtualAuthenticators: true}
Session ID: f9cd36f5f3fb6c2d10f3175a6c1c5cbe
at org.openqa.selenium.remote.ErrorCodec.decode(ErrorCodec.java:167)
at org.openqa.selenium.remote.codec.w3c.W3CHttpResponseCodec.decode(W3CHttpResponseCodec.java:138)
at org.openqa.selenium.remote.codec.w3c.W3CHttpResponseCodec.decode(W3CHttpResponseCodec.java:50)
at org.openqa.selenium.remote.HttpCommandExecutor.execute(HttpCommandExecutor.java:190)
at org.openqa.selenium.remote.service.DriverCommandExecutor.invokeExecute(DriverCommandExecutor.java:216)
at org.openqa.selenium.remote.service.DriverCommandExecutor.execute(DriverCommandExecutor.java:174)
at org.openqa.selenium.remote.RemoteWebDriver.execute(RemoteWebDriver.java:527)
at org.openqa.selenium.remote.ElementLocation$ElementFinder$2.findElement(ElementLocation.java:165)
at org.openqa.selenium.remote.ElementLocation.findElement(ElementLocation.java:66)
at org.openqa.selenium.remote.RemoteWebDriver.findElement(RemoteWebDriver.java:357)
at org.openqa.selenium.remote.RemoteWebDriver.findElement(RemoteWebDriver.java:351)
at org.openqa.selenium.support.ui.ExpectedConditions$7.apply(ExpectedConditions.java:194)
at org.openqa.selenium.support.ui.ExpectedConditions$7.apply(ExpectedConditions.java:190)
at org.openqa.selenium.support.ui.FluentWait.until(FluentWait.java:203)
at com.test.RainbowProject.BasePage.waitVisible(BasePage.java:75)
at com.test.RainbowProject.BasePage.TextElement(BasePage.java:83)
at com.test.RainbowProject.BasePage.loginSystem(BasePage.java:132)
at com.test.RainbowProject.TestRemoveMembers.openBrowser(TestRemoveMembers.java:17)
at java.base/java.util.ArrayList.forEach(ArrayList.java:1596)
... Removed 26 stack frames]]>
    </failure>
  </testcase> <!-- @BeforeClass openBrowser -->
  <testcase classname="com.test.RainbowProject.TestRemoveMembers" name="@BeforeMethod goToMainPage" time="0.077">
    <failure type="org.openqa.selenium.NoSuchSessionException" message="invalid session id
Build info: version: &amp;apos;4.23.0&amp;apos;, revision: &amp;apos;4df0a231af&amp;apos;
System info: os.name: &amp;apos;Mac OS X&amp;apos;, os.arch: &amp;apos;x86_64&amp;apos;, os.version: &amp;apos;26.3.1&amp;apos;, java.version: &amp;apos;21.0.8&amp;apos;
Driver info: org.openqa.selenium.chrome.ChromeDriver
Command: [f9cd36f5f3fb6c2d10f3175a6c1c5cbe, findElement {using=css selector, value=li.nav-item_bubble button.c-button--navigation}]
Capabilities {acceptInsecureCerts: false, browserName: chrome, browserVersion: 149.0.7827.53, chrome: {chromedriverVersion: 149.0.7827.54 (42ce21f112d0..., userDataDir: /var/folders/sl/15v965y142g...}, fedcm:accounts: true, goog:chromeOptions: {debuggerAddress: localhost:55627}, goog:processID: 19705, networkConnectionEnabled: false, pageLoadStrategy: normal, platformName: mac, proxy: Proxy(), se:cdp: ws://localhost:55627/devtoo..., se:cdpVersion: 149.0.7827.53, setWindowRect: true, strictFileInteractability: false, timeouts: {implicit: 0, pageLoad: 300000, script: 30000}, unhandledPromptBehavior: dismiss and notify, webauthn:extension:credBlob: true, webauthn:extension:largeBlob: true, webauthn:extension:minPinLength: true, webauthn:extension:prf: true, webauthn:virtualAuthenticators: true}
Session ID: f9cd36f5f3fb6c2d10f3175a6c1c5cbe">
      <![CDATA[org.openqa.selenium.NoSuchSessionException: invalid session id
Build info: version: '4.23.0', revision: '4df0a231af'
System info: os.name: 'Mac OS X', os.arch: 'x86_64', os.version: '26.3.1', java.version: '21.0.8'
Driver info: org.openqa.selenium.chrome.ChromeDriver
Command: [f9cd36f5f3fb6c2d10f3175a6c1c5cbe, findElement {using=css selector, value=li.nav-item_bubble button.c-button--navigation}]
Capabilities {acceptInsecureCerts: false, browserName: chrome, browserVersion: 149.0.7827.53, chrome: {chromedriverVersion: 149.0.7827.54 (42ce21f112d0..., userDataDir: /var/folders/sl/15v965y142g...}, fedcm:accounts: true, goog:chromeOptions: {debuggerAddress: localhost:55627}, goog:processID: 19705, networkConnectionEnabled: false, pageLoadStrategy: normal, platformName: mac, proxy: Proxy(), se:cdp: ws://localhost:55627/devtoo..., se:cdpVersion: 149.0.7827.53, setWindowRect: true, strictFileInteractability: false, timeouts: {implicit: 0, pageLoad: 300000, script: 30000}, unhandledPromptBehavior: dismiss and notify, webauthn:extension:credBlob: true, webauthn:extension:largeBlob: true, webauthn:extension:minPinLength: true, webauthn:extension:prf: true, webauthn:virtualAuthenticators: true}
Session ID: f9cd36f5f3fb6c2d10f3175a6c1c5cbe
at org.openqa.selenium.remote.ErrorCodec.decode(ErrorCodec.java:167)
at org.openqa.selenium.remote.codec.w3c.W3CHttpResponseCodec.decode(W3CHttpResponseCodec.java:138)
at org.openqa.selenium.remote.codec.w3c.W3CHttpResponseCodec.decode(W3CHttpResponseCodec.java:50)
at org.openqa.selenium.remote.HttpCommandExecutor.execute(HttpCommandExecutor.java:190)
at org.openqa.selenium.remote.service.DriverCommandExecutor.invokeExecute(DriverCommandExecutor.java:216)
at org.openqa.selenium.remote.service.DriverCommandExecutor.execute(DriverCommandExecutor.java:174)
at org.openqa.selenium.remote.RemoteWebDriver.execute(RemoteWebDriver.java:527)
at org.openqa.selenium.remote.ElementLocation$ElementFinder$2.findElement(ElementLocation.java:165)
at org.openqa.selenium.remote.ElementLocation.findElement(ElementLocation.java:59)
at org.openqa.selenium.remote.RemoteWebDriver.findElement(RemoteWebDriver.java:357)
at org.openqa.selenium.remote.RemoteWebDriver.findElement(RemoteWebDriver.java:351)
at org.openqa.selenium.support.ui.ExpectedConditions$7.apply(ExpectedConditions.java:194)
at org.openqa.selenium.support.ui.ExpectedConditions$7.apply(ExpectedConditions.java:190)
at org.openqa.selenium.support.ui.ExpectedConditions$22.apply(ExpectedConditions.java:627)
at org.openqa.selenium.support.ui.ExpectedConditions$22.apply(ExpectedConditions.java:624)
at org.openqa.selenium.support.ui.FluentWait.until(FluentWait.java:203)
at com.test.RainbowProject.BasePage.waitClickable(BasePage.java:79)
at com.test.RainbowProject.BasePage.clickButton(BasePage.java:89)
at com.test.RainbowProject.BasePage.clickOnBubbleOption(BasePage.java:144)
at com.test.RainbowProject.TestRemoveMembers.goToMainPage(TestRemoveMembers.java:24)
at java.base/java.util.ArrayList.forEach(ArrayList.java:1596)
... Removed 32 stack frames]]>
    </failure>
  </testcase> <!-- @BeforeMethod goToMainPage -->
  <testcase classname="com.test.RainbowProject.TestRemoveMembers" name="@AfterClass tearDown" time="0.0">
    <skipped/>
  </testcase> <!-- @AfterClass tearDown -->
  <testcase classname="com.test.RainbowProject.TestLogin" name="DontHaveAnAccountSignUp" time="0.778"/>
  <testcase classname="com.test.RainbowProject.TestLogin" name="ForgotPassword" time="3.401"/>
  <testcase classname="com.test.RainbowProject.TestLogin" name="LearnMoreLinkAboutRainbow" time="7.04"/>
  <testcase classname="com.test.RainbowProject.TestLogin" name="ThePrivacyPolicy" time="5.487"/>
  <testcase classname="com.test.RainbowProject.TestLogin" name="TheTermsOfService" time="2.832"/>
  <testcase classname="com.test.RainbowProject.TestLogin" name="validLogin" time="1.28"/>
  <testcase classname="com.test.RainbowProject.TestLogin" name="validLogin" time="2.183"/>
  <testcase classname="com.test.RainbowProject.TestLogin" name="validLogin" time="21.326">
    <failure type="org.openqa.selenium.TimeoutException" message="Expected condition failed: waiting for element to be clickable: By.id: authentication__select (tried for 20 second(s) with 500 milliseconds interval)
Build info: version: &amp;apos;4.23.0&amp;apos;, revision: &amp;apos;4df0a231af&amp;apos;
System info: os.name: &amp;apos;Mac OS X&amp;apos;, os.arch: &amp;apos;x86_64&amp;apos;, os.version: &amp;apos;26.3.1&amp;apos;, java.version: &amp;apos;21.0.8&amp;apos;
Driver info: org.openqa.selenium.chrome.ChromeDriver
Capabilities {acceptInsecureCerts: false, browserName: chrome, browserVersion: 149.0.7827.53, chrome: {chromedriverVersion: 149.0.7827.54 (42ce21f112d0..., userDataDir: /var/folders/sl/15v965y142g...}, fedcm:accounts: true, goog:chromeOptions: {debuggerAddress: localhost:54838}, goog:processID: 19354, networkConnectionEnabled: false, pageLoadStrategy: normal, platformName: mac, proxy: Proxy(), se:cdp: ws://localhost:54838/devtoo..., se:cdpVersion: 149.0.7827.53, setWindowRect: true, strictFileInteractability: false, timeouts: {implicit: 0, pageLoad: 300000, script: 30000}, unhandledPromptBehavior: dismiss and notify, webauthn:extension:credBlob: true, webauthn:extension:largeBlob: true, webauthn:extension:minPinLength: true, webauthn:extension:prf: true, webauthn:virtualAuthenticators: true}
Session ID: d0d19b44d955a8a8e27f33803ea655d7">
      <![CDATA[org.openqa.selenium.TimeoutException: Expected condition failed: waiting for element to be clickable: By.id: authentication__select (tried for 20 second(s) with 500 milliseconds interval)
Build info: version: '4.23.0', revision: '4df0a231af'
System info: os.name: 'Mac OS X', os.arch: 'x86_64', os.version: '26.3.1', java.version: '21.0.8'
Driver info: org.openqa.selenium.chrome.ChromeDriver
Capabilities {acceptInsecureCerts: false, browserName: chrome, browserVersion: 149.0.7827.53, chrome: {chromedriverVersion: 149.0.7827.54 (42ce21f112d0..., userDataDir: /var/folders/sl/15v965y142g...}, fedcm:accounts: true, goog:chromeOptions: {debuggerAddress: localhost:54838}, goog:processID: 19354, networkConnectionEnabled: false, pageLoadStrategy: normal, platformName: mac, proxy: Proxy(), se:cdp: ws://localhost:54838/devtoo..., se:cdpVersion: 149.0.7827.53, setWindowRect: true, strictFileInteractability: false, timeouts: {implicit: 0, pageLoad: 300000, script: 30000}, unhandledPromptBehavior: dismiss and notify, webauthn:extension:credBlob: true, webauthn:extension:largeBlob: true, webauthn:extension:minPinLength: true, webauthn:extension:prf: true, webauthn:virtualAuthenticators: true}
Session ID: d0d19b44d955a8a8e27f33803ea655d7
at org.openqa.selenium.support.ui.WebDriverWait.timeoutException(WebDriverWait.java:84)
at org.openqa.selenium.support.ui.FluentWait.until(FluentWait.java:228)
at com.test.RainbowProject.BasePage.waitClickable(BasePage.java:79)
at com.test.RainbowProject.BasePage.clickButton(BasePage.java:89)
at com.test.RainbowProject.TestLogin.validLogin(TestLogin.java:66)
at java.base/java.util.ArrayList.forEach(ArrayList.java:1596)
... Removed 25 stack frames]]>
    </failure>
  </testcase> <!-- validLogin -->
  <testcase classname="com.test.RainbowProject.TestLogin" name="validLogin" time="5.705"/>
  <testcase classname="com.test.RainbowProject.TestLogin" name="validLogin" time="11.737"/>
  <testcase classname="com.test.RainbowProject.TestCreateBubble" name="CancelCreateBubble" time="0.0">
    <skipped/>
  </testcase> <!-- CancelCreateBubble -->
  <testcase classname="com.test.RainbowProject.TestCreateBubble" name="InValidCreateBubble" time="0.0">
    <skipped/>
  </testcase> <!-- InValidCreateBubble -->
  <testcase classname="com.test.RainbowProject.TestCreateBubble" name="ValidCreateBubble" time="0.0">
    <skipped/>
  </testcase> <!-- ValidCreateBubble -->
  <testcase classname="com.test.RainbowProject.TestCreateBubble" name="displayErrorBubbleName" time="0.0">
    <skipped/>
  </testcase> <!-- displayErrorBubbleName -->
  <testcase classname="com.test.RainbowProject.TestInviteMember" name="InValidInviteMember" time="0.002">
    <failure type="java.lang.NullPointerException" message="Cannot invoke &amp;quot;com.aventstack.extentreports.ExtentReports.createTest(String)&amp;quot; because &amp;quot;com.test.RainbowProject.TestInviteMember.extent&amp;quot; is null">
      <![CDATA[java.lang.NullPointerException: Cannot invoke "com.aventstack.extentreports.ExtentReports.createTest(String)" because "com.test.RainbowProject.TestInviteMember.extent" is null
at com.test.RainbowProject.TestInviteMember.InValidInviteMember(TestInviteMember.java:86)
at java.base/java.util.ArrayList.forEach(ArrayList.java:1596)
... Removed 25 stack frames]]>
    </failure>
  </testcase> <!-- InValidInviteMember -->
  <testcase classname="com.test.RainbowProject.TestInviteMember" name="ValidInviteMember" time="0.001">
    <failure type="java.lang.NullPointerException" message="Cannot invoke &amp;quot;com.aventstack.extentreports.ExtentReports.createTest(String)&amp;quot; because &amp;quot;com.test.RainbowProject.TestInviteMember.extent&amp;quot; is null">
      <![CDATA[java.lang.NullPointerException: Cannot invoke "com.aventstack.extentreports.ExtentReports.createTest(String)" because "com.test.RainbowProject.TestInviteMember.extent" is null
at com.test.RainbowProject.TestInviteMember.ValidInviteMember(TestInviteMember.java:35)
at java.base/java.util.ArrayList.forEach(ArrayList.java:1596)
... Removed 25 stack frames]]>
    </failure>
  </testcase> <!-- ValidInviteMember -->
  <testcase classname="com.test.RainbowProject.TestRemoveMembers" name="ValidRemoveMember" time="0.0">
    <skipped/>
  </testcase> <!-- ValidRemoveMember -->
  <testcase classname="com.test.RainbowProject.TestDeleteBubble" name="InValidDeleteBubble" time="0.001">
    <failure type="java.lang.NullPointerException" message="Cannot invoke &amp;quot;com.aventstack.extentreports.ExtentReports.createTest(String)&amp;quot; because &amp;quot;com.test.RainbowProject.TestDeleteBubble.extent&amp;quot; is null">
      <![CDATA[java.lang.NullPointerException: Cannot invoke "com.aventstack.extentreports.ExtentReports.createTest(String)" because "com.test.RainbowProject.TestDeleteBubble.extent" is null
at com.test.RainbowProject.TestDeleteBubble.InValidDeleteBubble(TestDeleteBubble.java:82)
at java.base/java.util.ArrayList.forEach(ArrayList.java:1596)
... Removed 25 stack frames]]>
    </failure>
  </testcase> <!-- InValidDeleteBubble -->
  <testcase classname="com.test.RainbowProject.TestDeleteBubble" name="ValidDeleteBubble" time="0.001">
    <failure type="java.lang.NullPointerException" message="Cannot invoke &amp;quot;com.aventstack.extentreports.ExtentReports.createTest(String)&amp;quot; because &amp;quot;com.test.RainbowProject.TestDeleteBubble.extent&amp;quot; is null">
      <![CDATA[java.lang.NullPointerException: Cannot invoke "com.aventstack.extentreports.ExtentReports.createTest(String)" because "com.test.RainbowProject.TestDeleteBubble.extent" is null
at com.test.RainbowProject.TestDeleteBubble.ValidDeleteBubble(TestDeleteBubble.java:34)
at java.base/java.util.ArrayList.forEach(ArrayList.java:1596)
... Removed 25 stack frames]]>
    </failure>
  </testcase> <!-- ValidDeleteBubble -->
  <testcase classname="com.test.RainbowProject.BasePage" name="@AfterSuite tearDownReport" time="0.0">
    <ignored/>
  </testcase> <!-- @AfterSuite tearDownReport -->
  <testcase classname="com.test.RainbowProject.BasePage" name="@AfterSuite tearDownReport" time="0.0">
    <ignored/>
  </testcase> <!-- @AfterSuite tearDownReport -->
  <testcase classname="com.test.RainbowProject.BasePage" name="@BeforeSuite setupReport" time="0.0">
    <ignored/>
  </testcase> <!-- @BeforeSuite setupReport -->
  <testcase classname="com.test.RainbowProject.BasePage" name="@BeforeSuite setupReport" time="0.0">
    <ignored/>
  </testcase> <!-- @BeforeSuite setupReport -->
  <testcase classname="com.test.RainbowProject.BasePage" name="@BeforeSuite setupReport" time="0.0">
    <ignored/>
  </testcase> <!-- @BeforeSuite setupReport -->
  <testcase classname="com.test.RainbowProject.BasePage" name="@AfterSuite tearDownReport" time="0.0">
    <ignored/>
  </testcase> <!-- @AfterSuite tearDownReport -->
  <testcase classname="com.test.RainbowProject.BasePage" name="@BeforeSuite setupReport" time="0.0">
    <ignored/>
  </testcase> <!-- @BeforeSuite setupReport -->
  <testcase classname="com.test.RainbowProject.BasePage" name="@AfterSuite tearDownReport" time="0.0">
    <ignored/>
  </testcase> <!-- @AfterSuite tearDownReport -->
</testsuite> <!-- Login Tests -->
