<?xml version="1.0" encoding="UTF-8"?>
<!-- Generated by org.testng.reporters.JUnitXMLReporter -->
<testsuite ignored="0" hostname="Admins-MacBook-Pro-2.local" failures="0" tests="10" name="Login Tests" time="169.499" errors="0" timestamp="2026-05-24T16:28:30 EEST">
  <testcase classname="com.test.RainbowProject.TestLogin" name="DontHaveAnAccountSignUp" time="6.141"/>
  <testcase classname="com.test.RainbowProject.TestLogin" name="ForgotPassword" time="16.405"/>
  <testcase classname="com.test.RainbowProject.TestLogin" name="LearnMoreLinkAboutRainbow" time="8.193"/>
  <testcase classname="com.test.RainbowProject.TestLogin" name="ThePrivacyPolicy" time="8.505"/>
  <testcase classname="com.test.RainbowProject.TestLogin" name="TheTermsOfService" time="8.181"/>
  <testcase classname="com.test.RainbowProject.TestLogin" name="validLogin" time="15.366"/>
  <testcase classname="com.test.RainbowProject.TestLogin" name="validLogin" time="10.186"/>
  <testcase classname="com.test.RainbowProject.TestLogin" name="validLogin" time="13.337"/>
  <testcase classname="com.test.RainbowProject.TestLogin" name="validLogin" time="21.641"/>
  <testcase classname="com.test.RainbowProject.TestLogin" name="validLogin" time="46.402"/>
</testsuite> <!-- Login Tests -->
