<?xml version="1.0" encoding="UTF-8"?>
<!-- Generated by org.testng.reporters.JUnitXMLReporter -->
<testsuite ignored="8" hostname="Admins-MacBook-Pro-2.local" failures="0" tests="19" name="Login Tests" time="486.155" errors="0" timestamp="2026-05-31T12:57:30 EEST">
  <testcase classname="com.test.RainbowProject.TestLogin" name="DontHaveAnAccountSignUp" time="6.173"/>
  <testcase classname="com.test.RainbowProject.TestLogin" name="ForgotPassword" time="16.549"/>
  <testcase classname="com.test.RainbowProject.TestLogin" name="LearnMoreLinkAboutRainbow" time="8.208"/>
  <testcase classname="com.test.RainbowProject.TestLogin" name="ThePrivacyPolicy" time="8.695"/>
  <testcase classname="com.test.RainbowProject.TestLogin" name="TheTermsOfService" time="8.26"/>
  <testcase classname="com.test.RainbowProject.TestLogin" name="validLogin" time="15.41"/>
  <testcase classname="com.test.RainbowProject.TestLogin" name="validLogin" time="10.157"/>
  <testcase classname="com.test.RainbowProject.TestLogin" name="validLogin" time="13.309"/>
  <testcase classname="com.test.RainbowProject.TestLogin" name="validLogin" time="21.626"/>
  <testcase classname="com.test.RainbowProject.TestLogin" name="validLogin" time="46.344"/>
  <testcase classname="com.test.RainbowProject.TestCreateBubble" name="CancelCreateBubble" time="14.369"/>
  <testcase classname="com.test.RainbowProject.TestCreateBubble" name="InValidCreateBubble" time="21.993"/>
  <testcase classname="com.test.RainbowProject.TestCreateBubble" name="ValidCreateBubble" time="26.949"/>
  <testcase classname="com.test.RainbowProject.TestCreateBubble" name="displayErrorBubbleName" time="5.182"/>
  <testcase classname="com.test.RainbowProject.TestInviteMember" name="InValidInviteMember" time="12.352"/>
  <testcase classname="com.test.RainbowProject.TestInviteMember" name="ValidInviteMember" time="12.326"/>
  <testcase classname="com.test.RainbowProject.TestRemoveMembers" name="ValidRemoveMember" time="14.372"/>
  <testcase classname="com.test.RainbowProject.TestDeleteBubble" name="InValidDeleteBubble" time="11.29"/>
  <testcase classname="com.test.RainbowProject.TestDeleteBubble" name="ValidDeleteBubble" time="11.233"/>
  <testcase classname="com.test.RainbowProject.BasePage" name="@AfterSuite tearDownReport" time="0.0">
    <ignored/>
  </testcase> <!-- @AfterSuite tearDownReport -->
  <testcase classname="com.test.RainbowProject.BasePage" name="@AfterSuite tearDownReport" time="0.0">
    <ignored/>
  </testcase> <!-- @AfterSuite tearDownReport -->
  <testcase classname="com.test.RainbowProject.BasePage" name="@BeforeSuite setupReport" time="0.0">
    <ignored/>
  </testcase> <!-- @BeforeSuite setupReport -->
  <testcase classname="com.test.RainbowProject.BasePage" name="@BeforeSuite setupReport" time="0.0">
    <ignored/>
  </testcase> <!-- @BeforeSuite setupReport -->
  <testcase classname="com.test.RainbowProject.BasePage" name="@BeforeSuite setupReport" time="0.0">
    <ignored/>
  </testcase> <!-- @BeforeSuite setupReport -->
  <testcase classname="com.test.RainbowProject.BasePage" name="@AfterSuite tearDownReport" time="0.0">
    <ignored/>
  </testcase> <!-- @AfterSuite tearDownReport -->
  <testcase classname="com.test.RainbowProject.BasePage" name="@AfterSuite tearDownReport" time="0.0">
    <ignored/>
  </testcase> <!-- @AfterSuite tearDownReport -->
  <testcase classname="com.test.RainbowProject.BasePage" name="@BeforeSuite setupReport" time="0.0">
    <ignored/>
  </testcase> <!-- @BeforeSuite setupReport -->
</testsuite> <!-- Login Tests -->
