<?xml version="1.0" encoding="UTF-8"?>
<!-- Generated by org.testng.reporters.JUnitXMLReporter -->
<testsuite ignored="0" hostname="Admins-MacBook-Pro-2.local" failures="0" tests="4" name="Default test" time="48.513" errors="0" timestamp="2026-06-05T00:57:29 EEST">
  <testcase classname="com.test.RainbowProject.TestCreateBubble" name="CancelCreateBubble" time="1.491"/>
  <testcase classname="com.test.RainbowProject.TestCreateBubble" name="InValidCreateBubble" time="9.364"/>
  <testcase classname="com.test.RainbowProject.TestCreateBubble" name="ValidCreateBubble" time="13.107"/>
  <testcase classname="com.test.RainbowProject.TestCreateBubble" name="displayErrorBubbleName" time="1.232"/>
</testsuite> <!-- Default test -->
