<?xml version="1.0" encoding="UTF-8"?>
<!-- Generated by org.testng.reporters.JUnitXMLReporter -->
<testsuite ignored="0" hostname="Admins-MacBook-Pro-2.local" failures="0" tests="10" name="Default test" time="170.745" errors="0" timestamp="2026-05-24T16:18:40 EEST">
  <testcase classname="com.test.RainbowProject.TestLogin" name="DontHaveAnAccountSignUp" time="6.158"/>
  <testcase classname="com.test.RainbowProject.TestLogin" name="ForgotPassword" time="16.45"/>
  <testcase classname="com.test.RainbowProject.TestLogin" name="LearnMoreLinkAboutRainbow" time="8.182"/>
  <testcase classname="com.test.RainbowProject.TestLogin" name="ThePrivacyPolicy" time="9.471"/>
  <testcase classname="com.test.RainbowProject.TestLogin" name="TheTermsOfService" time="8.192"/>
  <testcase classname="com.test.RainbowProject.TestLogin" name="validLogin" time="15.402"/>
  <testcase classname="com.test.RainbowProject.TestLogin" name="validLogin" time="10.196"/>
  <testcase classname="com.test.RainbowProject.TestLogin" name="validLogin" time="13.336"/>
  <testcase classname="com.test.RainbowProject.TestLogin" name="validLogin" time="21.674"/>
  <testcase classname="com.test.RainbowProject.TestLogin" name="validLogin" time="46.452"/>
</testsuite> <!-- Default test -->
