<?xml version="1.0" encoding="UTF-8"?>
<!-- Generated by org.testng.reporters.JUnitReportReporter -->
<testsuite hostname="Admins-MacBook-Pro-2.local" failures="0" tests="10" name="com.test.RainbowProject.TestLogin" time="161.830" errors="0" timestamp="2026-05-31T12:57:31 EEST" skipped="0">
  <testcase classname="com.test.RainbowProject.TestLogin" name="LearnMoreLinkAboutRainbow" time="8.431"/>
  <testcase classname="com.test.RainbowProject.TestLogin" name="validLogin" time="46.589"/>
  <testcase classname="com.test.RainbowProject.TestLogin" name="ThePrivacyPolicy" time="8.924"/>
  <testcase classname="com.test.RainbowProject.TestLogin" name="validLogin" time="22.207"/>
  <testcase classname="com.test.RainbowProject.TestLogin" name="TheTermsOfService" time="8.618"/>
  <testcase classname="com.test.RainbowProject.TestLogin" name="validLogin" time="13.627"/>
  <testcase classname="com.test.RainbowProject.TestLogin" name="ForgotPassword" time="16.782"/>
  <testcase classname="com.test.RainbowProject.TestLogin" name="DontHaveAnAccountSignUp" time="6.478"/>
  <testcase classname="com.test.RainbowProject.TestLogin" name="validLogin" time="15.812"/>
  <testcase classname="com.test.RainbowProject.TestLogin" name="validLogin" time="14.362"/>
</testsuite> <!-- com.test.RainbowProject.TestLogin -->
