<?xml version="1.0" encoding="UTF-8"?>
<!-- Generated by org.testng.reporters.JUnitReportReporter -->
<testsuite hostname="Admins-MacBook-Pro-2.local" failures="0" tests="10" name="com.test.RainbowProject.TestLogin" time="165.716" errors="0" timestamp="2026-05-24T16:28:30 EEST" skipped="0">
  <testcase classname="com.test.RainbowProject.TestLogin" name="validLogin" time="15.375"/>
  <testcase classname="com.test.RainbowProject.TestLogin" name="validLogin" time="21.845"/>
  <testcase classname="com.test.RainbowProject.TestLogin" name="validLogin" time="10.198"/>
  <testcase classname="com.test.RainbowProject.TestLogin" name="DontHaveAnAccountSignUp" time="6.171"/>
  <testcase classname="com.test.RainbowProject.TestLogin" name="ForgotPassword" time="16.429"/>
  <testcase classname="com.test.RainbowProject.TestLogin" name="ThePrivacyPolicy" time="8.577"/>
  <testcase classname="com.test.RainbowProject.TestLogin" name="LearnMoreLinkAboutRainbow" time="10.781"/>
  <testcase classname="com.test.RainbowProject.TestLogin" name="validLogin" time="21.666"/>
  <testcase classname="com.test.RainbowProject.TestLogin" name="validLogin" time="46.409"/>
  <testcase classname="com.test.RainbowProject.TestLogin" name="TheTermsOfService" time="8.265"/>
</testsuite> <!-- com.test.RainbowProject.TestLogin -->
