<?xml version="1.0" encoding="UTF-8"?>
<!-- Generated by org.testng.reporters.JUnitReportReporter -->
<testsuite hostname="Admins-MacBook-Pro-2.local" failures="0" tests="2" name="com.test.RainbowProject.TestDeleteBubble" time="42.724" errors="0" timestamp="2026-05-31T12:57:31 EEST" skipped="0">
  <testcase classname="com.test.RainbowProject.TestDeleteBubble" name="InValidDeleteBubble" time="21.354"/>
  <testcase classname="com.test.RainbowProject.TestDeleteBubble" name="ValidDeleteBubble" time="21.370"/>
</testsuite> <!-- com.test.RainbowProject.TestDeleteBubble -->
