<?xml version="1.0" encoding="UTF-8"?>
<!-- Generated by org.testng.reporters.JUnitReportReporter -->
<testsuite hostname="Admins-MacBook-Pro-2.local" failures="0" tests="5" name="com.test.RainbowProject.TestCreateBubble" time="1.935" errors="1" timestamp="2026-06-05T01:08:43 EEST" skipped="4">
  <testcase classname="com.test.RainbowProject.TestCreateBubble" name="displayErrorBubbleName" time="0.115">
    <skipped/>
  </testcase> <!-- displayErrorBubbleName -->
  <testcase classname="com.test.RainbowProject.TestCreateBubble" name="goToMainPage" time="1.701">
    <error message="element click intercepted: Element &lt;rb-button id=&quot;rooms-header-create-bubble-button&quot; customclass=&quot;c-button--responsive&quot; responsiveicon=&quot;add&quot; type=&quot;primary&quot; rbtooltip=&quot;createWorkgroup&quot; tooltipposition=&quot;bottom&quot;&gt;...&lt;/rb-button&gt; is not clickable at point (1696, 23). Other element would receive the click: &lt;div _ngcontent-ng-c4290628622=&quot;&quot; class=&quot;ngx-spinner-overlay fade-out&quot; style=&quot;background-color: rgba(0, 0, 0, 0.59); z-index: 99999; position: absolute;&quot;&gt;...&lt;/div&gt;
  (Session info: chrome=149.0.7827.53)
Build info: version: &#039;4.23.0&#039;, revision: &#039;4df0a231af&#039;
System info: os.name: &#039;Mac OS X&#039;, os.arch: &#039;x86_64&#039;, os.version: &#039;26.3.1&#039;, java.version: &#039;21.0.8&#039;
Driver info: org.openqa.selenium.chrome.ChromeDriver
Command: [d3e8811bfd4aa79133f8925d4203efdb, clickElement {id=f.ADD8A08C9E96C67BFF87A54ACA92F9B1.d.48BD3C2072EC75E7E9812AFD7F170030.e.147}]
Capabilities {acceptInsecureCerts: false, browserName: chrome, browserVersion: 149.0.7827.53, chrome: {chromedriverVersion: 149.0.7827.54 (42ce21f112d0..., userDataDir: /var/folders/sl/15v965y142g...}, fedcm:accounts: true, goog:chromeOptions: {debuggerAddress: localhost:55219}, goog:processID: 19525, networkConnectionEnabled: false, pageLoadStrategy: normal, platformName: mac, proxy: Proxy(), se:cdp: ws://localhost:55219/devtoo..., se:cdpVersion: 149.0.7827.53, setWindowRect: true, strictFileInteractability: false, timeouts: {implicit: 0, pageLoad: 300000, script: 30000}, unhandledPromptBehavior: dismiss and notify, webauthn:extension:credBlob: true, webauthn:extension:largeBlob: true, webauthn:extension:minPinLength: true, webauthn:extension:prf: true, webauthn:virtualAuthenticators: true}
Element: [[ChromeDriver: chrome on mac (d3e8811bfd4aa79133f8925d4203efdb)] -&gt; id: rooms-header-create-bubble-button]
Session ID: d3e8811bfd4aa79133f8925d4203efdb" type="org.openqa.selenium.ElementClickInterceptedException">
      <![CDATA[org.openqa.selenium.ElementClickInterceptedException: element click intercepted: Element <rb-button id="rooms-header-create-bubble-button" customclass="c-button--responsive" responsiveicon="add" type="primary" rbtooltip="createWorkgroup" tooltipposition="bottom">...</rb-button> is not clickable at point (1696, 23). Other element would receive the click: <div _ngcontent-ng-c4290628622="" class="ngx-spinner-overlay fade-out" style="background-color: rgba(0, 0, 0, 0.59); z-index: 99999; position: absolute;">...</div>
  (Session info: chrome=149.0.7827.53)
Build info: version: '4.23.0', revision: '4df0a231af'
System info: os.name: 'Mac OS X', os.arch: 'x86_64', os.version: '26.3.1', java.version: '21.0.8'
Driver info: org.openqa.selenium.chrome.ChromeDriver
Command: [d3e8811bfd4aa79133f8925d4203efdb, clickElement {id=f.ADD8A08C9E96C67BFF87A54ACA92F9B1.d.48BD3C2072EC75E7E9812AFD7F170030.e.147}]
Capabilities {acceptInsecureCerts: false, browserName: chrome, browserVersion: 149.0.7827.53, chrome: {chromedriverVersion: 149.0.7827.54 (42ce21f112d0..., userDataDir: /var/folders/sl/15v965y142g...}, fedcm:accounts: true, goog:chromeOptions: {debuggerAddress: localhost:55219}, goog:processID: 19525, networkConnectionEnabled: false, pageLoadStrategy: normal, platformName: mac, proxy: Proxy(), se:cdp: ws://localhost:55219/devtoo..., se:cdpVersion: 149.0.7827.53, setWindowRect: true, strictFileInteractability: false, timeouts: {implicit: 0, pageLoad: 300000, script: 30000}, unhandledPromptBehavior: dismiss and notify, webauthn:extension:credBlob: true, webauthn:extension:largeBlob: true, webauthn:extension:minPinLength: true, webauthn:extension:prf: true, webauthn:virtualAuthenticators: true}
Element: [[ChromeDriver: chrome on mac (d3e8811bfd4aa79133f8925d4203efdb)] -> id: rooms-header-create-bubble-button]
Session ID: d3e8811bfd4aa79133f8925d4203efdb
at java.base/jdk.internal.reflect.DirectConstructorHandleAccessor.newInstance(DirectConstructorHandleAccessor.java:62)
at java.base/java.lang.reflect.Constructor.newInstanceWithCaller(Constructor.java:502)
at java.base/java.lang.reflect.Constructor.newInstance(Constructor.java:486)
at org.openqa.selenium.remote.ErrorCodec.decode(ErrorCodec.java:167)
at org.openqa.selenium.remote.codec.w3c.W3CHttpResponseCodec.decode(W3CHttpResponseCodec.java:138)
at org.openqa.selenium.remote.codec.w3c.W3CHttpResponseCodec.decode(W3CHttpResponseCodec.java:50)
at org.openqa.selenium.remote.HttpCommandExecutor.execute(HttpCommandExecutor.java:190)
at org.openqa.selenium.remote.service.DriverCommandExecutor.invokeExecute(DriverCommandExecutor.java:216)
at org.openqa.selenium.remote.service.DriverCommandExecutor.execute(DriverCommandExecutor.java:174)
at org.openqa.selenium.remote.RemoteWebDriver.execute(RemoteWebDriver.java:527)
at org.openqa.selenium.remote.RemoteWebElement.execute(RemoteWebElement.java:223)
at org.openqa.selenium.remote.RemoteWebElement.click(RemoteWebElement.java:76)
at com.test.RainbowProject.BasePage.clickButton(BasePage.java:89)
at com.test.RainbowProject.CreateBubblePage.clickOnCreateBubbleButton(CreateBubblePage.java:8)
at com.test.RainbowProject.TestCreateBubble.goToMainPage(TestCreateBubble.java:29)
at java.base/jdk.internal.reflect.DirectMethodHandleAccessor.invoke(DirectMethodHandleAccessor.java:103)
at java.base/java.lang.reflect.Method.invoke(Method.java:580)
at org.testng.internal.invokers.MethodInvocationHelper.invokeMethod(MethodInvocationHelper.java:141)
at org.testng.internal.invokers.MethodInvocationHelper.invokeMethodConsideringTimeout(MethodInvocationHelper.java:71)
at org.testng.internal.invokers.ConfigInvoker.invokeConfigurationMethod(ConfigInvoker.java:400)
at org.testng.internal.invokers.ConfigInvoker.invokeConfigurations(ConfigInvoker.java:333)
at org.testng.internal.invokers.TestInvoker.runConfigMethods(TestInvoker.java:833)
at org.testng.internal.invokers.TestInvoker.invokeMethod(TestInvoker.java:600)
at org.testng.internal.invokers.TestInvoker.invokeTestMethod(TestInvoker.java:230)
at org.testng.internal.invokers.MethodRunner.runInSequence(MethodRunner.java:63)
at org.testng.internal.invokers.TestInvoker$MethodInvocationAgent.invoke(TestInvoker.java:992)
at org.testng.internal.invokers.TestInvoker.invokeTestMethods(TestInvoker.java:203)
at org.testng.internal.invokers.TestMethodWorker.invokeTestMethods(TestMethodWorker.java:154)
at org.testng.internal.invokers.TestMethodWorker.run(TestMethodWorker.java:134)
at java.base/java.util.ArrayList.forEach(ArrayList.java:1596)
at org.testng.TestRunner.privateRun(TestRunner.java:739)
at org.testng.TestRunner.run(TestRunner.java:614)
at org.testng.SuiteRunner.runTest(SuiteRunner.java:421)
at org.testng.SuiteRunner.runSequentially(SuiteRunner.java:413)
at org.testng.SuiteRunner.privateRun(SuiteRunner.java:373)
at org.testng.SuiteRunner.run(SuiteRunner.java:312)
at org.testng.SuiteRunnerWorker.runSuite(SuiteRunnerWorker.java:52)
at org.testng.SuiteRunnerWorker.run(SuiteRunnerWorker.java:95)
at org.testng.TestNG.runSuitesSequentially(TestNG.java:1274)
at org.testng.TestNG.runSuitesLocally(TestNG.java:1208)
at org.testng.TestNG.runSuites(TestNG.java:1112)
at org.testng.TestNG.run(TestNG.java:1079)
at org.testng.remote.AbstractRemoteTestNG.run(AbstractRemoteTestNG.java:115)
at org.testng.remote.RemoteTestNG.initAndRun(RemoteTestNG.java:293)
at org.testng.remote.RemoteTestNG.main(RemoteTestNG.java:91)
]]>
    </error>
  </testcase> <!-- goToMainPage -->
  <testcase classname="com.test.RainbowProject.TestCreateBubble" name="CancelCreateBubble" time="0.119">
    <skipped/>
  </testcase> <!-- CancelCreateBubble -->
  <testcase classname="com.test.RainbowProject.TestCreateBubble" name="ValidCreateBubble" time="0.000">
    <skipped/>
  </testcase> <!-- ValidCreateBubble -->
  <testcase classname="com.test.RainbowProject.TestCreateBubble" name="InValidCreateBubble" time="0.000">
    <skipped/>
  </testcase> <!-- InValidCreateBubble -->
</testsuite> <!-- com.test.RainbowProject.TestCreateBubble -->
