<?xml version="1.0" encoding="UTF-8"?>
<!-- Generated by org.testng.reporters.JUnitReportReporter -->
<testsuite hostname="Admins-MacBook-Pro-2.local" failures="0" tests="2" name="com.test.RainbowProject.TestInviteMember" time="55.059" errors="0" timestamp="2026-05-31T12:57:31 EEST" skipped="0">
  <testcase classname="com.test.RainbowProject.TestInviteMember" name="InValidInviteMember" time="27.552"/>
  <testcase classname="com.test.RainbowProject.TestInviteMember" name="ValidInviteMember" time="27.507"/>
</testsuite> <!-- com.test.RainbowProject.TestInviteMember -->
