<?xml version="1.0" encoding="UTF-8"?>
<!-- Generated by org.testng.reporters.JUnitReportReporter -->
<testsuite hostname="Admins-MacBook-Pro-2.local" failures="0" tests="4" name="com.test.RainbowProject.TestCreateBubble" time="137.121" errors="0" timestamp="2026-05-31T12:57:31 EEST" skipped="0">
  <testcase classname="com.test.RainbowProject.TestCreateBubble" name="CancelCreateBubble" time="31.565"/>
  <testcase classname="com.test.RainbowProject.TestCreateBubble" name="displayErrorBubbleName" time="22.389"/>
  <testcase classname="com.test.RainbowProject.TestCreateBubble" name="InValidCreateBubble" time="39.103"/>
  <testcase classname="com.test.RainbowProject.TestCreateBubble" name="ValidCreateBubble" time="44.064"/>
</testsuite> <!-- com.test.RainbowProject.TestCreateBubble -->
