<?xml version="1.0" encoding="UTF-8"?>
<testng-results ignored="0" total="2" passed="2" failed="0" skipped="0">
  <reporter-output>
  </reporter-output>
  <suite started-at="2026-05-05T14:57:04 EEST" name="Default suite" finished-at="2026-05-05T14:57:24 EEST" duration-ms="20473">
    <groups>
    </groups>
    <test started-at="2026-05-05T14:57:04 EEST" name="Default test" finished-at="2026-05-05T14:57:24 EEST" duration-ms="20473">
      <class name="com.test.login2.LoginQa">
        <test-method is-config="true" signature="setUp()[pri:0, instance:com.test.login2.LoginQa@4f80542f]" started-at="2026-05-05T14:57:04 EEST" name="setUp" finished-at="2026-05-05T14:57:08 EEST" duration-ms="4196" status="PASS">
          <reporter-output>
          </reporter-output>
        </test-method> <!-- setUp -->
        <test-method signature="invalidLogin()[pri:0, instance:com.test.login2.LoginQa@4f80542f]" started-at="2026-05-05T14:57:08 EEST" name="invalidLogin" finished-at="2026-05-05T14:57:14 EEST" duration-ms="6395" status="PASS">
          <reporter-output>
          </reporter-output>
        </test-method> <!-- invalidLogin -->
        <test-method is-config="true" signature="tearDown()[pri:0, instance:com.test.login2.LoginQa@4f80542f]" started-at="2026-05-05T14:57:14 EEST" name="tearDown" finished-at="2026-05-05T14:57:15 EEST" duration-ms="110" status="PASS">
          <reporter-output>
          </reporter-output>
        </test-method> <!-- tearDown -->
        <test-method is-config="true" signature="setUp()[pri:0, instance:com.test.login2.LoginQa@4f80542f]" started-at="2026-05-05T14:57:15 EEST" name="setUp" finished-at="2026-05-05T14:57:18 EEST" duration-ms="3219" status="PASS">
          <reporter-output>
          </reporter-output>
        </test-method> <!-- setUp -->
        <test-method signature="validLogin()[pri:0, instance:com.test.login2.LoginQa@4f80542f]" started-at="2026-05-05T14:57:18 EEST" name="validLogin" finished-at="2026-05-05T14:57:24 EEST" duration-ms="6380" status="PASS">
          <reporter-output>
          </reporter-output>
        </test-method> <!-- validLogin -->
        <test-method is-config="true" signature="tearDown()[pri:0, instance:com.test.login2.LoginQa@4f80542f]" started-at="2026-05-05T14:57:24 EEST" name="tearDown" finished-at="2026-05-05T14:57:24 EEST" duration-ms="140" status="PASS">
          <reporter-output>
          </reporter-output>
        </test-method> <!-- tearDown -->
      </class> <!-- com.test.login2.LoginQa -->
    </test> <!-- Default test -->
  </suite> <!-- Default suite -->
</testng-results>
