<?xml version="1.0" encoding="UTF-8"?>
<testng-results ignored="0" total="10" passed="10" failed="0" skipped="0">
  <reporter-output>
  </reporter-output>
  <suite started-at="2026-05-24T16:25:40 EEST" name="Rainbow Test Suite" finished-at="2026-05-24T16:28:30 EEST" duration-ms="169499">
    <groups>
    </groups>
    <test started-at="2026-05-24T16:25:40 EEST" name="Login Tests" finished-at="2026-05-24T16:28:30 EEST" duration-ms="169499">
      <class name="com.test.RainbowProject.TestLogin">
        <test-method is-config="true" signature="openBrowser()[pri:0, instance:com.test.RainbowProject.TestLogin@202b0582]" started-at="2026-05-24T16:25:40 EEST" name="openBrowser" finished-at="2026-05-24T16:25:43 EEST" duration-ms="3063" status="PASS">
          <reporter-output>
          </reporter-output>
        </test-method> <!-- openBrowser -->
        <test-method is-config="true" signature="goToLoginPage()[pri:0, instance:com.test.RainbowProject.TestLogin@202b0582]" started-at="2026-05-24T16:25:43 EEST" name="goToLoginPage" finished-at="2026-05-24T16:25:52 EEST" duration-ms="8508" status="PASS">
          <reporter-output>
          </reporter-output>
        </test-method> <!-- goToLoginPage -->
        <test-method signature="DontHaveAnAccountSignUp()[pri:0, instance:com.test.RainbowProject.TestLogin@202b0582]" started-at="2026-05-24T16:25:52 EEST" name="DontHaveAnAccountSignUp" finished-at="2026-05-24T16:25:58 EEST" duration-ms="6141" status="PASS">
          <reporter-output>
          </reporter-output>
        </test-method> <!-- DontHaveAnAccountSignUp -->
        <test-method is-config="true" signature="goToLoginPage()[pri:0, instance:com.test.RainbowProject.TestLogin@202b0582]" started-at="2026-05-24T16:25:58 EEST" name="goToLoginPage" finished-at="2026-05-24T16:25:58 EEST" duration-ms="30" status="PASS">
          <reporter-output>
          </reporter-output>
        </test-method> <!-- goToLoginPage -->
        <test-method signature="ForgotPassword()[pri:0, instance:com.test.RainbowProject.TestLogin@202b0582]" started-at="2026-05-24T16:25:58 EEST" name="ForgotPassword" finished-at="2026-05-24T16:26:14 EEST" duration-ms="16405" status="PASS">
          <reporter-output>
          </reporter-output>
        </test-method> <!-- ForgotPassword -->
        <test-method is-config="true" signature="goToLoginPage()[pri:0, instance:com.test.RainbowProject.TestLogin@202b0582]" started-at="2026-05-24T16:26:14 EEST" name="goToLoginPage" finished-at="2026-05-24T16:26:14 EEST" duration-ms="25" status="PASS">
          <reporter-output>
          </reporter-output>
        </test-method> <!-- goToLoginPage -->
        <test-method signature="LearnMoreLinkAboutRainbow()[pri:0, instance:com.test.RainbowProject.TestLogin@202b0582]" started-at="2026-05-24T16:26:14 EEST" name="LearnMoreLinkAboutRainbow" finished-at="2026-05-24T16:26:23 EEST" duration-ms="8193" status="PASS">
          <reporter-output>
          </reporter-output>
        </test-method> <!-- LearnMoreLinkAboutRainbow -->
        <test-method is-config="true" signature="goToLoginPage()[pri:0, instance:com.test.RainbowProject.TestLogin@202b0582]" started-at="2026-05-24T16:26:23 EEST" name="goToLoginPage" finished-at="2026-05-24T16:26:23 EEST" duration-ms="72" status="PASS">
          <reporter-output>
          </reporter-output>
        </test-method> <!-- goToLoginPage -->
        <test-method signature="ThePrivacyPolicy()[pri:0, instance:com.test.RainbowProject.TestLogin@202b0582]" started-at="2026-05-24T16:26:23 EEST" name="ThePrivacyPolicy" finished-at="2026-05-24T16:26:31 EEST" duration-ms="8505" status="PASS">
          <reporter-output>
          </reporter-output>
        </test-method> <!-- ThePrivacyPolicy -->
        <test-method is-config="true" signature="goToLoginPage()[pri:0, instance:com.test.RainbowProject.TestLogin@202b0582]" started-at="2026-05-24T16:26:31 EEST" name="goToLoginPage" finished-at="2026-05-24T16:26:31 EEST" duration-ms="12" status="PASS">
          <reporter-output>
          </reporter-output>
        </test-method> <!-- goToLoginPage -->
        <test-method signature="TheTermsOfService()[pri:0, instance:com.test.RainbowProject.TestLogin@202b0582]" started-at="2026-05-24T16:26:31 EEST" name="TheTermsOfService" finished-at="2026-05-24T16:26:39 EEST" duration-ms="8181" status="PASS">
          <reporter-output>
          </reporter-output>
        </test-method> <!-- TheTermsOfService -->
        <test-method is-config="true" signature="goToLoginPage()[pri:0, instance:com.test.RainbowProject.TestLogin@202b0582]" started-at="2026-05-24T16:26:39 EEST" name="goToLoginPage" finished-at="2026-05-24T16:26:39 EEST" duration-ms="84" status="PASS">
          <reporter-output>
          </reporter-output>
        </test-method> <!-- goToLoginPage -->
        <test-method signature="validLogin(java.lang.String,java.lang.String,java.lang.String)[pri:0, instance:com.test.RainbowProject.TestLogin@202b0582]" started-at="2026-05-24T16:26:39 EEST" name="validLogin" data-provider="create" finished-at="2026-05-24T16:26:55 EEST" duration-ms="15366" status="PASS">
          <params>
            <param index="0">
              <value>
                <![CDATA[mmahmoud@asaltech.com]]>
              </value>
            </param>
            <param index="1">
              <value>
                <![CDATA[]]>
              </value>
            </param>
            <param index="2">
              <value>
                <![CDATA[selectEnvironment]]>
              </value>
            </param>
          </params>
          <reporter-output>
          </reporter-output>
        </test-method> <!-- validLogin -->
        <test-method is-config="true" signature="goToLoginPage()[pri:0, instance:com.test.RainbowProject.TestLogin@202b0582]" started-at="2026-05-24T16:26:55 EEST" name="goToLoginPage" finished-at="2026-05-24T16:26:57 EEST" duration-ms="2588" status="PASS">
          <reporter-output>
          </reporter-output>
        </test-method> <!-- goToLoginPage -->
        <test-method signature="validLogin(java.lang.String,java.lang.String,java.lang.String)[pri:0, instance:com.test.RainbowProject.TestLogin@202b0582]" started-at="2026-05-24T16:26:57 EEST" name="validLogin" data-provider="create" finished-at="2026-05-24T16:27:08 EEST" duration-ms="10186" status="PASS">
          <params>
            <param index="0">
              <value>
                <![CDATA[same]]>
              </value>
            </param>
            <param index="1">
              <value>
                <![CDATA[]]>
              </value>
            </param>
            <param index="2">
              <value>
                <![CDATA[disabledEmail]]>
              </value>
            </param>
          </params>
          <reporter-output>
          </reporter-output>
        </test-method> <!-- validLogin -->
        <test-method is-config="true" signature="goToLoginPage()[pri:0, instance:com.test.RainbowProject.TestLogin@202b0582]" started-at="2026-05-24T16:27:08 EEST" name="goToLoginPage" finished-at="2026-05-24T16:27:08 EEST" duration-ms="9" status="PASS">
          <reporter-output>
          </reporter-output>
        </test-method> <!-- goToLoginPage -->
        <test-method signature="validLogin(java.lang.String,java.lang.String,java.lang.String)[pri:0, instance:com.test.RainbowProject.TestLogin@202b0582]" started-at="2026-05-24T16:27:08 EEST" name="validLogin" data-provider="create" finished-at="2026-05-24T16:27:21 EEST" duration-ms="13337" status="PASS">
          <params>
            <param index="0">
              <value>
                <![CDATA[sameer]]>
              </value>
            </param>
            <param index="1">
              <value>
                <![CDATA[123456]]>
              </value>
            </param>
            <param index="2">
              <value>
                <![CDATA[disabledPassword]]>
              </value>
            </param>
          </params>
          <reporter-output>
          </reporter-output>
        </test-method> <!-- validLogin -->
        <test-method is-config="true" signature="goToLoginPage()[pri:0, instance:com.test.RainbowProject.TestLogin@202b0582]" started-at="2026-05-24T16:27:21 EEST" name="goToLoginPage" finished-at="2026-05-24T16:27:21 EEST" duration-ms="7" status="PASS">
          <reporter-output>
          </reporter-output>
        </test-method> <!-- goToLoginPage -->
        <test-method signature="validLogin(java.lang.String,java.lang.String,java.lang.String)[pri:0, instance:com.test.RainbowProject.TestLogin@202b0582]" started-at="2026-05-24T16:27:21 EEST" name="validLogin" data-provider="create" finished-at="2026-05-24T16:27:43 EEST" duration-ms="21641" status="PASS">
          <params>
            <param index="0">
              <value>
                <![CDATA[Admin]]>
              </value>
            </param>
            <param index="1">
              <value>
                <![CDATA[12345678]]>
              </value>
            </param>
            <param index="2">
              <value>
                <![CDATA[incorrect]]>
              </value>
            </param>
          </params>
          <reporter-output>
          </reporter-output>
        </test-method> <!-- validLogin -->
        <test-method is-config="true" signature="goToLoginPage()[pri:0, instance:com.test.RainbowProject.TestLogin@202b0582]" started-at="2026-05-24T16:27:43 EEST" name="goToLoginPage" finished-at="2026-05-24T16:27:43 EEST" duration-ms="24" status="PASS">
          <reporter-output>
          </reporter-output>
        </test-method> <!-- goToLoginPage -->
        <test-method signature="validLogin(java.lang.String,java.lang.String,java.lang.String)[pri:0, instance:com.test.RainbowProject.TestLogin@202b0582]" started-at="2026-05-24T16:27:43 EEST" name="validLogin" data-provider="create" finished-at="2026-05-24T16:28:29 EEST" duration-ms="46402" status="PASS">
          <params>
            <param index="0">
              <value>
                <![CDATA[sameerfaris2005@gmail.com]]>
              </value>
            </param>
            <param index="1">
              <value>
                <![CDATA[Sameerqindah_123]]>
              </value>
            </param>
            <param index="2">
              <value>
                <![CDATA[success]]>
              </value>
            </param>
          </params>
          <reporter-output>
          </reporter-output>
        </test-method> <!-- validLogin -->
        <test-method is-config="true" signature="tearDown()[pri:0, instance:com.test.RainbowProject.TestLogin@202b0582]" started-at="2026-05-24T16:28:29 EEST" name="tearDown" finished-at="2026-05-24T16:28:30 EEST" duration-ms="668" status="PASS">
          <reporter-output>
          </reporter-output>
        </test-method> <!-- tearDown -->
      </class> <!-- com.test.RainbowProject.TestLogin -->
    </test> <!-- Login Tests -->
  </suite> <!-- Rainbow Test Suite -->
</testng-results>
